<?xml version="1.0" encoding="UTF-8"?>
<!-- Generated by org.testng.reporters.JUnitReportReporter -->
<testsuite hostname="TYSS-Akash" failures="0" tests="1" name="com.qa.Packt.NavigationPackt" time="11.639" errors="0" timestamp="2023-11-14T14:59:33 IST" skipped="0">
  <testcase classname="com.qa.Packt.NavigationPackt" name="navigation" time="11.639"/>
  <system-out/>
</testsuite> <!-- com.qa.Packt.NavigationPackt -->
