<?xml version="1.0" encoding="UTF-8"?>
<!-- Generated by org.testng.reporters.JUnitReportReporter -->
<testsuite hostname="TYSS-Akash" failures="0" tests="1" name="com.qa.Packt.TitlePackt" time="5.654" errors="0" timestamp="2023-11-14T14:59:33 IST" skipped="0">
  <testcase classname="com.qa.Packt.TitlePackt" name="title" time="5.654"/>
  <system-out/>
</testsuite> <!-- com.qa.Packt.TitlePackt -->
