<?xml version="1.0" encoding="UTF-8"?>
<!-- Generated by org.testng.reporters.JUnitReportReporter -->
<testsuite hostname="TYSS-Akash" failures="0" tests="1" name="com.qa.Packt.HomePagePositioning" time="17.008" errors="0" timestamp="2023-11-14T14:59:33 IST" skipped="0">
  <testcase classname="com.qa.Packt.HomePagePositioning" name="positioning" time="17.008"/>
  <system-out/>
</testsuite> <!-- com.qa.Packt.HomePagePositioning -->
